# JRE version: OpenJDK Runtime Environment Temurin-21.0.8+9 (21.0.8+9) (build 21.0.8+9-LTS)
# Java VM: OpenJDK 64-Bit Server VM Temurin-21.0.8+9 (21.0.8+9-LTS, mixed mode, sharing, tiered, compressed oops, compressed class ptrs, g1 gc, windows-amd64)
GC Precious Log:
 CardTable entry size: 512
 Card Set container configuration: InlinePtr #cards 5 size 8 Array Of Cards #cards 12 size 40 Howl #buckets 4 coarsen threshold 1843 Howl Bitmap #cards 512 size 80 coarsen threshold 460 Card regions per heap region 1 cards per card region 2048
 CPUs: 8 total, 8 available
 Memory: 7845M
 Large Page Support: Disabled
 NUMA Support: Disabled
 Compressed Oops: Enabled (32-bit)
 Heap Region Size: 1M
 Heap Min Capacity: 8M
 Heap Initial Capacity: 124M
 Heap Max Capacity: 1962M
 Pre-touch: Disabled
 Parallel Workers: 8
 Concurrent Workers: 2
 Concurrent Refinement Workers: 8
 Periodic GC: Disabled
Heap:
 garbage-first heap   total 332800K, used 198726K [0x0000000085600000, 0x0000000100000000)
  region size 1024K, 1 young (1024K), 1 survivors (1024K)
 Metaspace       used 9750K, committed 9984K, reserved 1114112K
  class space    used 1113K, committed 1216K, reserved 1048576K
GC Heap History (13 events):
Event: 1.998 GC heap before
{Heap before GC invocations=0 (full 0):
 garbage-first heap   total 126976K, used 8192K [0x0000000085600000, 0x0000000100000000)
  region size 1024K, 9 young (9216K), 0 survivors (0K)
 Metaspace       used 8084K, committed 8320K, reserved 1114112K
  class space    used 954K, committed 1024K, reserved 1048576K
}
Event: 2.011 GC heap after
{Heap after GC invocations=1 (full 0):
 garbage-first heap   total 126976K, used 2303K [0x0000000085600000, 0x0000000100000000)
  region size 1024K, 3 young (3072K), 3 survivors (3072K)
 Metaspace       used 8084K, committed 8320K, reserved 1114112K
  class space    used 954K, committed 1024K, reserved 1048576K
}
Event: 2.419 GC heap before
{Heap before GC invocations=1 (full 0):
 garbage-first heap   total 306176K, used 211199K [0x0000000085600000, 0x0000000100000000)
  region size 1024K, 24 young (24576K), 3 survivors (3072K)
 Metaspace       used 8215K, committed 8448K, reserved 1114112K
  class space    used 961K, committed 1024K, reserved 1048576K
}
Event: 2.424 GC heap after
{Heap after GC invocations=2 (full 0):
 garbage-first heap   total 306176K, used 191026K [0x0000000085600000, 0x0000000100000000)
  region size 1024K, 1 young (1024K), 1 survivors (1024K)
 Metaspace       used 8215K, committed 8448K, reserved 1114112K
  class space    used 961K, committed 1024K, reserved 1048576K
}
Event: 3.005 GC heap before
{Heap before GC invocations=2 (full 0):
 garbage-first heap   total 306176K, used 286258K [0x0000000085600000, 0x0000000100000000)
  region size 1024K, 95 young (97280K), 1 survivors (1024K)
 Metaspace       used 8218K, committed 8448K, reserved 1114112K
  class space    used 961K, committed 1024K, reserved 1048576K
}
Event: 3.007 GC heap after
{Heap after GC invocations=3 (full 0):
 garbage-first heap   total 306176K, used 190711K [0x0000000085600000, 0x0000000100000000)
  region size 1024K, 1 young (1024K), 1 survivors (1024K)
 Metaspace       used 8218K, committed 8448K, reserved 1114112K
  class space    used 961K, committed 1024K, reserved 1048576K
}
Event: 3.439 GC heap before
{Heap before GC invocations=4 (full 0):
 garbage-first heap   total 321536K, used 266487K [0x0000000085600000, 0x0000000100000000)
  region size 1024K, 77 young (78848K), 1 survivors (1024K)
 Metaspace       used 8243K, committed 8448K, reserved 1114112K
  class space    used 963K, committed 1024K, reserved 1048576K
}
Event: 3.441 GC heap after
{Heap after GC invocations=5 (full 0):
 garbage-first heap   total 321536K, used 190695K [0x0000000085600000, 0x0000000100000000)
  region size 1024K, 1 young (1024K), 1 survivors (1024K)
 Metaspace       used 8243K, committed 8448K, reserved 1114112K
  class space    used 963K, committed 1024K, reserved 1048576K
}
Event: 5.103 GC heap before
{Heap before GC invocations=6 (full 0):
 garbage-first heap   total 324608K, used 195815K [0x0000000085600000, 0x0000000100000000)
  region size 1024K, 5 young (5120K), 1 survivors (1024K)
 Metaspace       used 8579K, committed 8832K, reserved 1114112K
  class space    used 1006K, committed 1152K, reserved 1048576K
}
Event: 5.105 GC heap after
{Heap after GC invocations=7 (full 0):
 garbage-first heap   total 324608K, used 191703K [0x0000000085600000, 0x0000000100000000)
  region size 1024K, 1 young (1024K), 1 survivors (1024K)
 Metaspace       used 8579K, committed 8832K, reserved 1114112K
  class space    used 1006K, committed 1152K, reserved 1048576K
}
Event: 5.469 GC heap before
{Heap before GC invocations=8 (full 0):
 garbage-first heap   total 327680K, used 196823K [0x0000000085600000, 0x0000000100000000)
  region size 1024K, 4 young (4096K), 1 survivors (1024K)
 Metaspace       used 9703K, committed 9920K, reserved 1114112K
  class space    used 1107K, committed 1216K, reserved 1048576K
}
Event: 5.471 GC heap after
{Heap after GC invocations=9 (full 0):
 garbage-first heap   total 327680K, used 195651K [0x0000000085600000, 0x0000000100000000)
  region size 1024K, 1 young (1024K), 1 survivors (1024K)
 Metaspace       used 9703K, committed 9920K, reserved 1114112K
  class space    used 1107K, committed 1216K, reserved 1048576K
}
Event: 5.527 GC heap before
{Heap before GC invocations=10 (full 0):
 garbage-first heap   total 332800K, used 199747K [0x0000000085600000, 0x0000000100000000)
  region size 1024K, 3 young (3072K), 1 survivors (1024K)
 Metaspace       used 9750K, committed 9984K, reserved 1114112K
  class space    used 1113K, committed 1216K, reserved 1048576K
}

